Running 300 simulated real-user questions...
[001/300] PASS dismissal 7501ms
[002/300] PASS vague_dismissal 5774ms
[003/300] PASS disciplinary_dismissal 4998ms
[004/300] PASS maternity_protection 8624ms
[005/300] PASS salary_unpaid 6849ms
[006/300] PASS salary_deduction 6533ms
[007/300] PASS cnss_non_declaration 5730ms
[008/300] PASS work_accident 6896ms
[009/300] PASS no_written_contract 6204ms
[010/300] PASS cdd_cdi 6800ms
[011/300] FAIL annual_leave 6274ms
[012/300] PASS sick_leave 7298ms
[013/300] FAIL overtime 5950ms
[014/300] PASS work_certificate 6106ms
[015/300] PASS preavis 5329ms
[016/300] FAIL resignation 6616ms
[017/300] FAIL labor_inspection 6447ms
[018/300] PASS out_of_scope 2ms
[019/300] FAIL fake_article 7330ms
[020/300] FAIL legal_guarantee 6674ms
[021/300] FAIL greetings_thanks 4466ms
[022/300] PASS vague_questions 5655ms
[023/300] FAIL dismissal 5165ms
[024/300] PASS vague_dismissal 6912ms
[025/300] PASS disciplinary_dismissal 6794ms
[026/300] PASS maternity_protection 7404ms
[027/300] PASS salary_unpaid 6167ms
[028/300] PASS salary_deduction 6704ms
[029/300] PASS cnss_non_declaration 6637ms
[030/300] PASS work_accident 6257ms
[031/300] PASS no_written_contract 6551ms
[032/300] PASS cdd_cdi 7017ms
[033/300] PASS annual_leave 6528ms
[034/300] PASS sick_leave 5970ms
[035/300] PASS overtime 6763ms
[036/300] FAIL work_certificate 5663ms
[037/300] FAIL preavis 6110ms
[038/300] PASS resignation 5127ms
[039/300] FAIL labor_inspection 6396ms
[040/300] PASS out_of_scope 2ms
[041/300] PASS fake_article 4913ms
[042/300] PASS legal_guarantee 4456ms
[043/300] FAIL greetings_thanks 4546ms
[044/300] FAIL vague_questions 4440ms
[045/300] PASS dismissal 4050ms
[046/300] FAIL vague_dismissal 3926ms
[047/300] PASS disciplinary_dismissal 4869ms
[048/300] PASS maternity_protection 5839ms
[049/300] PASS salary_unpaid 4935ms
[050/300] PASS salary_deduction 7350ms
[051/300] PASS cnss_non_declaration 6592ms
[052/300] PASS work_accident 5633ms
[053/300] PASS no_written_contract 5103ms
[054/300] FAIL cdd_cdi 5520ms
[055/300] PASS annual_leave 4317ms
[056/300] FAIL sick_leave 3126ms
[057/300] FAIL overtime 3043ms
[058/300] FAIL work_certificate 4214ms
[059/300] FAIL preavis 4742ms
[060/300] FAIL resignation 3392ms
[061/300] FAIL labor_inspection 55506ms
[062/300] FAIL out_of_scope 7799ms
[063/300] PASS fake_article 6276ms
[064/300] PASS legal_guarantee 4099ms
[065/300] FAIL greetings_thanks 6317ms
[066/300] FAIL vague_questions 6680ms
[067/300] PASS dismissal 5895ms
[068/300] FAIL vague_dismissal 5327ms
[069/300] FAIL disciplinary_dismissal 3301ms
[070/300] PASS maternity_protection 5369ms
[071/300] PASS salary_unpaid 5506ms
[072/300] PASS salary_deduction 5555ms
[073/300] PASS cnss_non_declaration 5160ms
[074/300] FAIL work_accident 5341ms
[075/300] PASS no_written_contract 5396ms
[076/300] FAIL cdd_cdi 5771ms
[077/300] FAIL annual_leave 58692ms
[078/300] PASS sick_leave 8765ms
[079/300] FAIL overtime 4471ms
[080/300] FAIL work_certificate 4718ms
[081/300] PASS preavis 5005ms
[082/300] PASS resignation 4812ms
[083/300] FAIL labor_inspection 361551ms
[084/300] FAIL out_of_scope 10051ms
[085/300] FAIL fake_article 7579ms
[086/300] FAIL legal_guarantee 8076ms
[087/300] FAIL greetings_thanks 6902ms
[088/300] FAIL vague_questions 7269ms
[089/300] PASS dismissal 5511ms
[090/300] PASS vague_dismissal 6085ms
[091/300] PASS disciplinary_dismissal 4809ms
[092/300] PASS maternity_protection 5874ms
[093/300] PASS salary_unpaid 5099ms
[094/300] PASS salary_deduction 5242ms
[095/300] PASS cnss_non_declaration 5899ms
[096/300] PASS work_accident 5070ms
[097/300] PASS no_written_contract 4919ms
[098/300] FAIL cdd_cdi 4984ms
[099/300] FAIL annual_leave 5740ms
[100/300] FAIL sick_leave 5508ms
[101/300] FAIL overtime 5718ms
[102/300] FAIL work_certificate 4971ms
[103/300] FAIL preavis 4890ms
[104/300] PASS resignation 4991ms
[105/300] FAIL labor_inspection 59638ms
[106/300] FAIL out_of_scope 14809ms
[107/300] FAIL fake_article 527388ms
[108/300] FAIL legal_guarantee 890ms
[109/300] FAIL greetings_thanks 10186ms
[110/300] PASS vague_questions 7223ms
[111/300] FAIL dismissal 5357ms
[112/300] FAIL vague_dismissal 4571ms
[113/300] PASS disciplinary_dismissal 5152ms
[114/300] PASS maternity_protection 5980ms
[115/300] PASS salary_unpaid 5486ms
[116/300] PASS salary_deduction 4669ms
[117/300] PASS cnss_non_declaration 6103ms
[118/300] PASS work_accident 6214ms
[119/300] PASS no_written_contract 5183ms
[120/300] PASS cdd_cdi 5723ms
[121/300] FAIL annual_leave 6075ms
[122/300] FAIL sick_leave 5704ms
[123/300] FAIL overtime 5496ms
[124/300] FAIL work_certificate 853ms
[125/300] FAIL preavis 4207ms
[126/300] PASS resignation 4663ms
[127/300] FAIL labor_inspection 1158ms
[128/300] PASS out_of_scope 1ms
[129/300] PASS fake_article 5738ms
[130/300] FAIL legal_guarantee 45128ms
[131/300] FAIL greetings_thanks 508ms
[132/300] FAIL vague_questions 7815ms
[133/300] FAIL dismissal 5537ms
[134/300] PASS vague_dismissal 5509ms
[135/300] PASS disciplinary_dismissal 5049ms
[136/300] PASS maternity_protection 5592ms
[137/300] PASS salary_unpaid 5389ms
[138/300] PASS salary_deduction 8078ms
[139/300] PASS cnss_non_declaration 8609ms
[140/300] FAIL work_accident 8360ms
[141/300] PASS no_written_contract 8110ms
[142/300] FAIL cdd_cdi 8172ms
[143/300] FAIL annual_leave 9129ms
[144/300] FAIL sick_leave 9800ms
[145/300] FAIL overtime 9296ms
[146/300] FAIL work_certificate 7824ms
[147/300] FAIL preavis 9160ms
[148/300] PASS resignation 10203ms
[149/300] FAIL labor_inspection 10708ms
[150/300] FAIL out_of_scope 7188ms
[151/300] PASS fake_article 5532ms
[152/300] FAIL legal_guarantee 10410ms
[153/300] PASS greetings_thanks 6527ms
[154/300] FAIL vague_questions 9366ms
[155/300] FAIL dismissal 1044ms
[156/300] FAIL vague_dismissal 6751ms
[157/300] FAIL disciplinary_dismissal 6357ms
[158/300] PASS maternity_protection 8487ms
[159/300] PASS salary_unpaid 9835ms
[160/300] PASS salary_deduction 9218ms
[161/300] PASS cnss_non_declaration 10458ms
[162/300] FAIL work_accident 1ms
[163/300] PASS no_written_contract 10040ms
[164/300] PASS cdd_cdi 9727ms
[165/300] FAIL annual_leave 11560ms
[166/300] FAIL sick_leave 9503ms
[167/300] FAIL overtime 10109ms
[168/300] FAIL work_certificate 9785ms
[169/300] FAIL preavis 9787ms
[170/300] FAIL resignation 7330ms
[171/300] FAIL labor_inspection 10941ms
[172/300] FAIL out_of_scope 8336ms
[173/300] FAIL fake_article 10799ms
[174/300] FAIL legal_guarantee 9282ms
[175/300] PASS greetings_thanks 4508ms
[176/300] PASS vague_questions 4964ms
[177/300] PASS dismissal 10389ms
[178/300] PASS vague_dismissal 11319ms
[179/300] FAIL disciplinary_dismissal 9252ms
[180/300] PASS maternity_protection 10998ms
[181/300] PASS salary_unpaid 8841ms
[182/300] PASS salary_deduction 10111ms
[183/300] PASS cnss_non_declaration 10145ms
[184/300] PASS work_accident 9813ms
[185/300] PASS no_written_contract 7774ms
[186/300] PASS cdd_cdi 7841ms
[187/300] FAIL annual_leave 52154ms
[188/300] FAIL sick_leave 11730ms
[189/300] FAIL overtime 7795ms
[190/300] FAIL work_certificate 7659ms
[191/300] FAIL preavis 7139ms
[192/300] FAIL resignation 8844ms
[193/300] FAIL labor_inspection 51320ms
[194/300] FAIL out_of_scope 8135ms
[195/300] FAIL fake_article 10980ms
[196/300] PASS legal_guarantee 4374ms
[197/300] PASS greetings_thanks 1139ms
[198/300] PASS vague_questions 4680ms
[199/300] FAIL dismissal 9582ms
[200/300] PASS vague_dismissal 9977ms
[201/300] PASS disciplinary_dismissal 7834ms
[202/300] PASS maternity_protection 8252ms
[203/300] PASS salary_unpaid 8006ms
[204/300] PASS salary_deduction 8542ms
[205/300] PASS cnss_non_declaration 8082ms
[206/300] FAIL work_accident 7984ms
[207/300] PASS no_written_contract 7115ms
[208/300] PASS cdd_cdi 8989ms
[209/300] PASS annual_leave 8475ms
[210/300] PASS sick_leave 9771ms
[211/300] FAIL overtime 10745ms
[212/300] FAIL work_certificate 9366ms
[213/300] FAIL preavis 10488ms
[214/300] FAIL resignation 8245ms
[215/300] FAIL labor_inspection 53269ms
[216/300] FAIL out_of_scope 12263ms
[217/300] PASS fake_article 10028ms
[218/300] FAIL legal_guarantee 10817ms
[219/300] FAIL greetings_thanks 4105ms
[220/300] PASS vague_questions 4778ms
[221/300] PASS dismissal 9987ms
[222/300] FAIL vague_dismissal 8972ms
[223/300] PASS disciplinary_dismissal 7943ms
[224/300] PASS maternity_protection 7602ms
[225/300] PASS salary_unpaid 6358ms
[226/300] PASS salary_deduction 6974ms
[227/300] PASS cnss_non_declaration 8083ms
[228/300] PASS work_accident 8760ms
[229/300] PASS no_written_contract 8885ms
[230/300] PASS cdd_cdi 7409ms
[231/300] PASS annual_leave 5668ms
[232/300] FAIL sick_leave 3698ms
[233/300] FAIL overtime 3853ms
[234/300] FAIL work_certificate 8106ms
[235/300] FAIL preavis 44180ms
[236/300] FAIL resignation 6128ms
[237/300] FAIL labor_inspection 6926ms
[238/300] PASS out_of_scope 4ms
[239/300] PASS fake_article 4786ms
[240/300] PASS legal_guarantee 3842ms
[241/300] PASS greetings_thanks 506ms
[242/300] PASS vague_questions 4637ms
[243/300] FAIL dismissal 4204ms
[244/300] PASS vague_dismissal 6691ms
[245/300] FAIL disciplinary_dismissal 7034ms
[246/300] PASS maternity_protection 7989ms
[247/300] PASS salary_unpaid 7305ms
[248/300] PASS salary_deduction 7859ms
[249/300] PASS cnss_non_declaration 7043ms
[250/300] PASS work_accident 7183ms
[251/300] PASS no_written_contract 6229ms
[252/300] PASS cdd_cdi 6765ms
[253/300] PASS annual_leave 6473ms
[254/300] PASS sick_leave 5543ms
[255/300] FAIL overtime 3558ms
[256/300] PASS work_certificate 4795ms
[257/300] FAIL preavis 6585ms
[258/300] PASS resignation 6906ms
[259/300] FAIL labor_inspection 8278ms
[260/300] PASS out_of_scope 3ms
[261/300] FAIL fake_article 10295ms
[262/300] PASS legal_guarantee 9363ms
[263/300] PASS greetings_thanks 1068ms
[264/300] PASS vague_questions 9717ms
[265/300] PASS dismissal 7818ms
[266/300] PASS vague_dismissal 10553ms
[267/300] PASS disciplinary_dismissal 11543ms
[268/300] PASS maternity_protection 12208ms
[269/300] PASS salary_unpaid 9887ms
[270/300] PASS salary_deduction 11680ms
[271/300] PASS cnss_non_declaration 9203ms
[272/300] PASS work_accident 9215ms
[273/300] PASS no_written_contract 9223ms
[274/300] PASS cdd_cdi 8395ms
[275/300] FAIL annual_leave 9358ms
[276/300] FAIL sick_leave 5274ms
[277/300] FAIL overtime 8888ms
[278/300] FAIL work_certificate 8639ms
[279/300] FAIL preavis 9439ms
[280/300] FAIL resignation 10589ms
[281/300] FAIL labor_inspection 9464ms
[282/300] FAIL out_of_scope 7178ms
[283/300] FAIL fake_article 9111ms
[284/300] FAIL legal_guarantee 9194ms
[285/300] PASS greetings_thanks 522ms
[286/300] PASS vague_questions 6996ms
[287/300] FAIL dismissal 5235ms
[288/300] PASS vague_dismissal 6785ms
[289/300] PASS disciplinary_dismissal 8525ms
[290/300] PASS maternity_protection 9979ms
[291/300] PASS salary_unpaid 7358ms
[292/300] PASS salary_deduction 8477ms
[293/300] PASS cnss_non_declaration 9103ms
[294/300] PASS work_accident 6396ms
[295/300] PASS no_written_contract 5810ms
[296/300] PASS cdd_cdi 5746ms
[297/300] PASS annual_leave 9440ms
[298/300] PASS sick_leave 7513ms
[299/300] PASS overtime 7469ms
[300/300] FAIL work_certificate 7051ms

Pass rate: 170/300 (56.7%)
Failures: 130
API readiness: PASS
Report written to C:\Users\MSI\Desktop\lmo7ami\ai chatbot\legal-chatbot\backend\real_user_simulation_report.md
